<?xml version="1.0" encoding="UTF-8"?>
<testsuite name="com.ibm.watson.apis.conversation_with_discovery.rest.SetupResourceTest" tests="4" skipped="0" failures="0" errors="0" timestamp="2017-06-15T20:12:33" hostname="JJ-MacBookPro.local" time="0.441">
  <properties/>
  <testcase name="shouldReturnReadyState" classname="com.ibm.watson.apis.conversation_with_discovery.rest.SetupResourceTest" time="0.364"/>
  <testcase name="shouldReturnNotReadyState" classname="com.ibm.watson.apis.conversation_with_discovery.rest.SetupResourceTest" time="0.026"/>
  <testcase name="shouldReturnErrorState" classname="com.ibm.watson.apis.conversation_with_discovery.rest.SetupResourceTest" time="0.021"/>
  <testcase name="shouldReturnErrorWorkspaceId" classname="com.ibm.watson.apis.conversation_with_discovery.rest.SetupResourceTest" time="0.024"/>
  <system-out><![CDATA[2017-06-15 16:12:33,792 INFO Log4j appears to be running in a Servlet environment, but there's no log4j-web module available. If you want better web container support, please add the log4j-web JAR to your web archive or server lib directory.
2017-06-15 16:12:33,815 ERROR Could not reconfigure JMX java.lang.LinkageError: loader constraint violation: loader (instance of org/powermock/core/classloader/MockClassLoader) previously initiated loading for a different type with name "javax/management/MBeanServer"
	at java.lang.ClassLoader.defineClass1(Native Method)
	at java.lang.ClassLoader.defineClass(ClassLoader.java:763)
	at org.powermock.core.classloader.MockClassLoader.loadUnmockedClass(MockClassLoader.java:250)
	at org.powermock.core.classloader.MockClassLoader.loadModifiedClass(MockClassLoader.java:194)
	at org.powermock.core.classloader.DeferSupportingClassLoader.loadClass(DeferSupportingClassLoader.java:71)
	at java.lang.ClassLoader.loadClass(ClassLoader.java:357)
	at org.apache.logging.log4j.core.jmx.Server.unregisterAllMatching(Server.java:309)
	at org.apache.logging.log4j.core.jmx.Server.unregisterLoggerContext(Server.java:231)
	at org.apache.logging.log4j.core.jmx.Server.reregisterMBeansAfterReconfigure(Server.java:142)
	at org.apache.logging.log4j.core.jmx.Server.reregisterMBeansAfterReconfigure(Server.java:121)
	at org.apache.logging.log4j.core.LoggerContext.setConfiguration(LoggerContext.java:370)
	at org.apache.logging.log4j.core.LoggerContext.reconfigure(LoggerContext.java:420)
	at org.apache.logging.log4j.core.LoggerContext.start(LoggerContext.java:138)
	at org.apache.logging.log4j.core.impl.Log4jContextFactory.getContext(Log4jContextFactory.java:207)
	at org.apache.logging.log4j.core.impl.Log4jContextFactory.getContext(Log4jContextFactory.java:41)
	at org.apache.logging.log4j.LogManager.getContext(LogManager.java:160)
	at org.apache.logging.log4j.LogManager.getLogger(LogManager.java:492)
	at com.ibm.watson.apis.conversation_with_discovery.listener.AppServletContextListener.<clinit>(AppServletContextListener.java:37)
	at sun.reflect.GeneratedSerializationConstructorAccessor16.newInstance(Unknown Source)
	at java.lang.reflect.Constructor.newInstance(Constructor.java:423)
	at org.objenesis.instantiator.sun.SunReflectionFactoryInstantiator.newInstance(SunReflectionFactoryInstantiator.java:45)
	at org.objenesis.ObjenesisBase.newInstance(ObjenesisBase.java:73)
	at org.mockito.internal.creation.instance.ObjenesisInstantiator.newInstance(ObjenesisInstantiator.java:14)
	at org.powermock.api.mockito.repackaged.ClassImposterizer.createProxy(ClassImposterizer.java:144)
	at org.powermock.api.mockito.repackaged.ClassImposterizer.imposterise(ClassImposterizer.java:59)
	at org.powermock.api.mockito.repackaged.ClassImposterizer.imposterise(ClassImposterizer.java:50)
	at org.powermock.api.mockito.repackaged.CglibMockMaker.createMock(CglibMockMaker.java:25)
	at org.powermock.api.mockito.internal.mockmaker.PowerMockMaker.createMock(PowerMockMaker.java:47)
	at org.mockito.internal.util.MockUtil.createMock(MockUtil.java:33)
	at org.mockito.internal.MockitoCore.mock(MockitoCore.java:59)
	at org.mockito.Mockito.mock(Mockito.java:1285)
	at org.mockito.Mockito.mock(Mockito.java:1163)
	at com.ibm.watson.apis.conversation_with_discovery.rest.SetupResourceTest.<init>(SetupResourceTest.java:43)
	at sun.reflect.NativeConstructorAccessorImpl.newInstance0(Native Method)
	at sun.reflect.NativeConstructorAccessorImpl.newInstance(NativeConstructorAccessorImpl.java:62)
	at sun.reflect.DelegatingConstructorAccessorImpl.newInstance(DelegatingConstructorAccessorImpl.java:45)
	at java.lang.reflect.Constructor.newInstance(Constructor.java:423)
	at org.powermock.modules.junit4.internal.impl.PowerMockJUnit44RunnerDelegateImpl.createTestInstance(PowerMockJUnit44RunnerDelegateImpl.java:187)
	at org.powermock.modules.junit4.internal.impl.PowerMockJUnit44RunnerDelegateImpl.createTest(PowerMockJUnit44RunnerDelegateImpl.java:172)
	at org.powermock.modules.junit4.internal.impl.PowerMockJUnit44RunnerDelegateImpl.invokeTestMethod(PowerMockJUnit44RunnerDelegateImpl.java:194)
	at org.powermock.modules.junit4.internal.impl.PowerMockJUnit44RunnerDelegateImpl.runMethods(PowerMockJUnit44RunnerDelegateImpl.java:147)
	at org.powermock.modules.junit4.internal.impl.PowerMockJUnit44RunnerDelegateImpl$1.run(PowerMockJUnit44RunnerDelegateImpl.java:121)
	at org.junit.internal.runners.ClassRoadie.runUnprotected(ClassRoadie.java:34)
	at org.junit.internal.runners.ClassRoadie.runProtected(ClassRoadie.java:44)
	at org.powermock.modules.junit4.internal.impl.PowerMockJUnit44RunnerDelegateImpl.run(PowerMockJUnit44RunnerDelegateImpl.java:123)
	at org.powermock.modules.junit4.common.internal.impl.JUnit4TestSuiteChunkerImpl.run(JUnit4TestSuiteChunkerImpl.java:121)
	at org.powermock.modules.junit4.common.internal.impl.AbstractCommonPowerMockRunner.run(AbstractCommonPowerMockRunner.java:53)
	at org.powermock.modules.junit4.PowerMockRunner.run(PowerMockRunner.java:59)
	at org.gradle.api.internal.tasks.testing.junit.JUnitTestClassExecuter.runTestClass(JUnitTestClassExecuter.java:114)
	at org.gradle.api.internal.tasks.testing.junit.JUnitTestClassExecuter.execute(JUnitTestClassExecuter.java:57)
	at org.gradle.api.internal.tasks.testing.junit.JUnitTestClassProcessor.processTestClass(JUnitTestClassProcessor.java:66)
	at org.gradle.api.internal.tasks.testing.SuiteTestClassProcessor.processTestClass(SuiteTestClassProcessor.java:51)
	at sun.reflect.NativeMethodAccessorImpl.invoke0(Native Method)
	at sun.reflect.NativeMethodAccessorImpl.invoke(NativeMethodAccessorImpl.java:62)
	at sun.reflect.DelegatingMethodAccessorImpl.invoke(DelegatingMethodAccessorImpl.java:43)
	at java.lang.reflect.Method.invoke(Method.java:498)
	at org.gradle.internal.dispatch.ReflectionDispatch.dispatch(ReflectionDispatch.java:35)
	at org.gradle.internal.dispatch.ReflectionDispatch.dispatch(ReflectionDispatch.java:24)
	at org.gradle.internal.dispatch.ContextClassLoaderDispatch.dispatch(ContextClassLoaderDispatch.java:32)
	at org.gradle.internal.dispatch.ProxyDispatchAdapter$DispatchingInvocationHandler.invoke(ProxyDispatchAdapter.java:93)
	at com.sun.proxy.$Proxy2.processTestClass(Unknown Source)
	at org.gradle.api.internal.tasks.testing.worker.TestWorker.processTestClass(TestWorker.java:109)
	at sun.reflect.NativeMethodAccessorImpl.invoke0(Native Method)
	at sun.reflect.NativeMethodAccessorImpl.invoke(NativeMethodAccessorImpl.java:62)
	at sun.reflect.DelegatingMethodAccessorImpl.invoke(DelegatingMethodAccessorImpl.java:43)
	at java.lang.reflect.Method.invoke(Method.java:498)
	at org.gradle.internal.dispatch.ReflectionDispatch.dispatch(ReflectionDispatch.java:35)
	at org.gradle.internal.dispatch.ReflectionDispatch.dispatch(ReflectionDispatch.java:24)
	at org.gradle.internal.remote.internal.hub.MessageHub$Handler.run(MessageHub.java:377)
	at org.gradle.internal.concurrent.ExecutorPolicy$CatchAndRecordFailures.onExecute(ExecutorPolicy.java:54)
	at org.gradle.internal.concurrent.StoppableExecutorImpl$1.run(StoppableExecutorImpl.java:40)
	at java.util.concurrent.ThreadPoolExecutor.runWorker(ThreadPoolExecutor.java:1142)
	at java.util.concurrent.ThreadPoolExecutor$Worker.run(ThreadPoolExecutor.java:617)
	at java.lang.Thread.run(Thread.java:748)

]]></system-out>
  <system-err><![CDATA[]]></system-err>
</testsuite>
